<?xml version="1.0" encoding="UTF-8"?>
<testsuite name="com.example.ServerTest" tests="1" skipped="0" failures="0" errors="0" timestamp="2026-06-08T16:58:21.936Z" hostname="macos-C3WPQF0937" time="0.44">
  <properties/>
  <testcase name="test root endpoint" classname="com.example.ServerTest" time="0.437"/>
  <system-out><![CDATA[2026-06-08 22:28:22.308 [DefaultDispatcher-worker-1 @call-context#3] INFO  io.ktor.test - No ktor.deployment.watch patterns specified, automatic reload is not active.
2026-06-08 22:28:22.324 [DefaultDispatcher-worker-1 @call-context#3] INFO  io.ktor.test - Application started in 0.023 seconds.
2026-06-08 22:28:22.326 [DefaultDispatcher-worker-3 @coroutine#5] INFO  io.ktor.test - Responding at http://localhost:80
2026-06-08 22:28:22.326 [DefaultDispatcher-worker-3 @coroutine#5] INFO  io.ktor.test - Responding at https://localhost:443
]]></system-out>
  <system-err><![CDATA[]]></system-err>
</testsuite>
